[2026-02-19 17:28:01] INFO: Iniciando organización de: C:\Users\Usuario\Downloads\Documentos
[2026-02-19 17:28:01] INFO: Carpetas de categorías creadas
[2026-02-19 17:28:01] INFO: Archivos encontrados: 106
[2026-02-19 17:28:01] SUCCESS: Movido: B-1 Bitácora#1 Santiago Bedoya Corrales   1026060985.pdf → Documentos/
[2026-02-19 17:28:01] SUCCESS: Movido: B-1 Bitácora#1 Santiago Bedoya Corrales   1026060985.xlsx → Documentos/
[2026-02-19 17:28:01] SUCCESS: Movido: B-6 Bitácora#6 Santiago Bedoya Corrales   1026060985.xlsx → Documentos/
[2026-02-19 17:28:01] SUCCESS: Movido: Bitacora#10 Santiago Bedoya Corrales  1026060985  listo_enviar.pdf → Documentos/
[2026-02-19 17:28:01] SUCCESS: Movido: Bitacora#11 Santiago Bedoya Corrales  1026060985   listo_enviar pro good.pdf → Documentos/
[2026-02-19 17:28:01] SUCCESS: Movido: Bitacora#11 Santiago Bedoya Corrales  1026060985   listo_enviar pro.pdf → Documentos/
[2026-02-19 17:28:01] SUCCESS: Movido: Bitacora#11 Santiago Bedoya Corrales  1026060985   listo_enviar.pdf → Documentos/
[2026-02-19 17:28:01] SUCCESS: Movido: Bitacora#12 Santiago Bedoya Corrales  1026060985   listo_enviar pro good.pdf → Documentos/
[2026-02-19 17:28:01] SUCCESS: Movido: Bitacora#12 Santiago Bedoya Corrales  1026060985   listo_enviar.pdf → Documentos/
[2026-02-19 17:28:01] SUCCESS: Movido: Bitacora#9 Santiago Bedoya Corrales  1026060985  listo_enviar.pdf → Documentos/
[2026-02-19 17:28:01] SUCCESS: Movido: Bitácora#10 Santiago Bedoya Corrales   1026060985.xlsx → Documentos/
[2026-02-19 17:28:01] SUCCESS: Movido: Bitácora#7 Santiago Bedoya Corrales   1026060985.xlsx → Documentos/
[2026-02-19 17:28:01] SUCCESS: Movido: Bitácora#8 Santiago Bedoya Corrales   1026060985.xlsx → Documentos/
[2026-02-19 17:28:01] SUCCESS: Movido: Bitácora#9 Santiago Bedoya Corrales   1026060985.xlsx → Documentos/
[2026-02-19 17:28:01] SUCCESS: Movido: Bitácoras Santiago Bedoya Corrales (1) (1).pdf → Documentos/
[2026-02-19 17:28:01] SUCCESS: Movido: Bitácoras Santiago Bedoya Corrales (1).pdf → Documentos/
[2026-02-19 17:28:01] SUCCESS: Movido: CamScanner 26-11-2024 11.36.pdf → Documentos/
[2026-02-19 17:28:01] SUCCESS: Movido: Cierre_Granja_Automatico.xlsx → Documentos/
[2026-02-19 17:28:01] SUCCESS: Movido: DALL·E 2025-03-04 18.38.54 - A digital illustration for a YouTube tutorial on using OpenWeatherMap API. The image features a futuristic weather dashboard displaying real-time weat.webp → Imagenes/
[2026-02-19 17:28:01] SUCCESS: Movido: Datos_dashboard_incubacion (1).xlsx → Documentos/
[2026-02-19 17:28:01] SUCCESS: Movido: Datos_dashboard_incubacion.xlsx → Documentos/
[2026-02-19 17:28:01] SUCCESS: Movido: evaluación final, Andrea.pdf → Documentos/
[2026-02-19 17:28:01] SUCCESS: Movido: Formato Seguimiento_SANTIAGO (1).xlsx → Documentos/
[2026-02-19 17:28:01] SUCCESS: Movido: Formato Seguimiento_SANTIAGO (2).xlsx → Documentos/
[2026-02-19 17:28:01] SUCCESS: Movido: Formato Seguimiento_SANTIAGO (3).xlsx → Documentos/
[2026-02-19 17:28:01] SUCCESS: Movido: Formato Seguimiento_SANTIAGO (4).xlsx → Documentos/
[2026-02-19 17:28:01] SUCCESS: Movido: Formato Seguimiento_SANTIAGO (5).xlsx → Documentos/
[2026-02-19 17:28:01] SUCCESS: Movido: Formato Seguimiento_SANTIAGO (6).xlsx → Documentos/
[2026-02-19 17:28:01] SUCCESS: Movido: Formato Seguimiento_SANTIAGO listo segui.pdf → Documentos/
[2026-02-19 17:28:01] SUCCESS: Movido: Formato Seguimiento_SANTIAGO pro enviar 11111111.pdf → Documentos/
[2026-02-19 17:28:01] SUCCESS: Movido: Formato Seguimiento_SANTIAGO pro enviar corregido.pdf → Documentos/
[2026-02-19 17:28:01] SUCCESS: Movido: Formato Seguimiento_SANTIAGO pro enviar.pdf → Documentos/
[2026-02-19 17:28:01] SUCCESS: Movido: Formato Seguimiento_SANTIAGO pro.pdf → Documentos/
[2026-02-19 17:28:01] SUCCESS: Movido: Formato Seguimiento_SANTIAGO.xlsx → Documentos/
[2026-02-19 17:28:01] SUCCESS: Movido: GFPI-F-023V5_Formato Seguimiento (1).xlsx → Documentos/
[2026-02-19 17:28:01] SUCCESS: Movido: GFPI-F-023V5_Formato Seguimiento (2).xlsx → Documentos/
[2026-02-19 17:28:01] SUCCESS: Movido: GFPI-F-023V5_Formato Seguimiento Santiago Bedoya Corrales  jjj.xlsx → Documentos/
[2026-02-19 17:28:01] SUCCESS: Movido: GFPI-F-023V5_Formato Seguimiento Santiago Bedoya Corrales.xlsx → Documentos/
[2026-02-19 17:28:01] SUCCESS: Movido: GFPI-F-023V5_Formato Seguimiento.xlsx → Documentos/
[2026-02-19 17:28:01] SUCCESS: Movido: Hoja de vida Santiago Bedoya Corrales (1).pdf → Documentos/
[2026-02-19 17:28:01] SUCCESS: Movido: Hoja de vida Santiago Bedoya Corrales (2).pdf → Documentos/
[2026-02-19 17:28:01] SUCCESS: Movido: Hoja de vida Santiago Bedoya Corrales mejor.pdf → Documentos/
[2026-02-19 17:28:01] SUCCESS: Movido: Hoja de vida Santiago Bedoya Corrales.pdf → Documentos/
[2026-02-19 17:28:01] SUCCESS: Movido: HojadevidaSantiagoBedoyaCorralesgood.pdf_2025_3_9.pdf → Documentos/
[2026-02-19 17:28:01] SUCCESS: Movido: Hoja_de_vida (1).pdf → Documentos/
[2026-02-19 17:28:01] SUCCESS: Movido: Hoja_de_vida.pdf → Documentos/
[2026-02-19 17:28:01] SUCCESS: Movido: inspeccion_20251123084739.pdf → Documentos/
[2026-02-19 17:28:01] SUCCESS: Movido: inspeccion_20251123150716.pdf → Documentos/
[2026-02-19 17:28:01] SUCCESS: Movido: inspeccion_20251123151421.pdf → Documentos/
[2026-02-19 17:28:01] SUCCESS: Movido: inspeccion_20251123151801.pdf → Documentos/
[2026-02-19 17:28:01] SUCCESS: Movido: inspeccion_20251123152036.pdf → Documentos/
[2026-02-19 17:28:01] SUCCESS: Movido: inspeccion_20251123152134.pdf → Documentos/
[2026-02-19 17:28:01] SUCCESS: Movido: inspeccion_20251123152736.pdf → Documentos/
[2026-02-19 17:28:01] SUCCESS: Movido: inspeccion_20251123155039.pdf → Documentos/
[2026-02-19 17:28:01] SUCCESS: Movido: inspeccion_20251123155057.pdf → Documentos/
[2026-02-19 17:28:01] SUCCESS: Movido: inspeccion_20251123164639.pdf → Documentos/
[2026-02-19 17:28:01] SUCCESS: Movido: inspeccion_20251123164933.pdf → Documentos/
[2026-02-19 17:28:01] SUCCESS: Movido: inspeccion_20251123164944.pdf → Documentos/
[2026-02-19 17:28:01] SUCCESS: Movido: inspeccion_20251205191933.pdf → Documentos/
[2026-02-19 17:28:01] SUCCESS: Movido: inspeccion_20251205193956.pdf → Documentos/
[2026-02-19 17:28:01] SUCCESS: Movido: inspeccion_20251205195053.pdf → Documentos/
[2026-02-19 17:28:01] SUCCESS: Movido: inspeccion_20251205195240.pdf → Documentos/
[2026-02-19 17:28:01] SUCCESS: Movido: inspeccion_20251205195934.pdf → Documentos/
[2026-02-19 17:28:01] SUCCESS: Movido: inspeccion_20251206173351.pdf → Documentos/
[2026-02-19 17:28:01] SUCCESS: Movido: inspeccion_20251206174725.pdf → Documentos/
[2026-02-19 17:28:01] SUCCESS: Movido: inspeccion_20251207112006.pdf → Documentos/
[2026-02-19 17:28:01] SUCCESS: Movido: inspeccion_20251207112129.pdf → Documentos/
[2026-02-19 17:28:01] SUCCESS: Movido: inspeccion_20251207140551.pdf → Documentos/
[2026-02-19 17:28:01] SUCCESS: Movido: inspeccion_20251207_141337.pdf → Documentos/
[2026-02-19 17:28:01] SUCCESS: Movido: inspeccion_20251208_180143.pdf → Documentos/
[2026-02-19 17:28:01] SUCCESS: Movido: inspeccion_20251208_182232.pdf → Documentos/
[2026-02-19 17:28:01] SUCCESS: Movido: inspeccion_20251208_183612.pdf → Documentos/
[2026-02-19 17:28:01] SUCCESS: Movido: inspeccion_20251208_184414.pdf → Documentos/
[2026-02-19 17:28:01] SUCCESS: Movido: inspeccion_20251208_185841.pdf → Documentos/
[2026-02-19 17:28:01] SUCCESS: Movido: inspeccion_20251210_183145.pdf → Documentos/
[2026-02-19 17:28:01] SUCCESS: Movido: inspeccion_20251210_183417.pdf → Documentos/
[2026-02-19 17:28:01] SUCCESS: Movido: inspeccion_20251214_182555.pdf → Documentos/
[2026-02-19 17:28:01] SUCCESS: Movido: inspeccion_20251218_170939.pdf → Documentos/
[2026-02-19 17:28:01] SUCCESS: Movido: inspeccion_20251218_172429.pdf → Documentos/
[2026-02-19 17:28:01] SUCCESS: Movido: inspeccion_20251222_185117.pdf → Documentos/
[2026-02-19 17:28:01] SUCCESS: Movido: inspeccion_20251222_185220.pdf → Documentos/
[2026-02-19 17:28:01] SUCCESS: Movido: inspeccion_20251222_185427.pdf → Documentos/
[2026-02-19 17:28:01] SUCCESS: Movido: inspeccion_20251222_185529.pdf → Documentos/
[2026-02-19 17:28:01] SUCCESS: Movido: inspeccion_20251222_185635.pdf → Documentos/
[2026-02-19 17:28:01] SUCCESS: Movido: inspeccion_20251222_185744.pdf → Documentos/
[2026-02-19 17:28:01] SUCCESS: Movido: inspeccion_20251222_185904.pdf → Documentos/
[2026-02-19 17:28:01] SUCCESS: Movido: inspeccion_20251222_190211.pdf → Documentos/
[2026-02-19 17:28:01] SUCCESS: Movido: inspeccion_20251227_170037.pdf → Documentos/
[2026-02-19 17:28:01] SUCCESS: Movido: inspeccion_20251227_170949.pdf → Documentos/
[2026-02-19 17:28:01] SUCCESS: Movido: inspeccion_20251228_114016.pdf → Documentos/
[2026-02-19 17:28:01] SUCCESS: Movido: inspeccion_20260208_152121.pdf → Documentos/
[2026-02-19 17:28:01] SUCCESS: Movido: inspeccion_20260208_154612.pdf → Documentos/
[2026-02-19 17:28:01] SUCCESS: Movido: inspeccion_20260208_171936.pdf → Documentos/
[2026-02-19 17:28:01] SUCCESS: Movido: inspeccion_20260208_172251.pdf → Documentos/
[2026-02-19 17:28:01] SUCCESS: Movido: inspeccion_20260212_170140.pdf → Documentos/
[2026-02-19 17:28:01] SUCCESS: Movido: inspeccion_20260212_170544.pdf → Documentos/
[2026-02-19 17:28:01] SUCCESS: Movido: Manual Tecnico (Soporte) - ESP32 OpenweatherMap y ThinkSpeak - Estacion meteorologica - version spanish.docx → Documentos/
[2026-02-19 17:28:01] SUCCESS: Movido: MODELO INSTRUCTIVO.docx → Documentos/
[2026-02-19 17:28:01] SUCCESS: Movido: my family 1.4 listo.pptx → Documentos/
[2026-02-19 17:28:01] SUCCESS: Movido: My house (1).pdf → Documentos/
[2026-02-19 17:28:01] SUCCESS: Movido: PLANTILLA PRESENTACION POWER POINT.pptx → Documentos/
[2026-02-19 17:28:01] SUCCESS: Movido: PROMC01 Procedimiento de elaboración y control - CALIDAD.docx → Documentos/
[2026-02-19 17:28:01] SUCCESS: Movido: reporte15_6_20251208_1905.pdf → Documentos/
[2026-02-19 17:28:01] SUCCESS: Movido: reporte15_Santiago_202511231521.pdf → Documentos/
[2026-02-19 17:28:01] SUCCESS: Movido: SEGUIMIENTO 1.pdf → Documentos/
[2026-02-19 17:28:01] SUCCESS: Movido: sergiecode.htm → Otros/
[2026-02-19 17:28:01] INFO: 
==================================================
[2026-02-19 17:28:01] INFO: REPORTE FINAL DE ORGANIZACIÓN
[2026-02-19 17:28:01] INFO: ==================================================
[2026-02-19 17:28:01] INFO: Archivos procesados: 106
[2026-02-19 17:28:01] INFO: Archivos movidos: 106
[2026-02-19 17:28:01] INFO: Errores: 0
[2026-02-19 17:28:01] INFO: 
Por categoría:
[2026-02-19 17:28:01] INFO:   - Imagenes: 1 archivo(s)
[2026-02-19 17:28:01] INFO:   - Documentos: 104 archivo(s)
[2026-02-19 17:28:01] INFO:   - Otros: 1 archivo(s)
[2026-02-19 17:28:01] INFO: 
Reporte guardado en: logs/reporte_20260219_172801.json
